2xxxx
Learning rate:  0.0005
Epochs:  1
data1/processed/L_P_train_20.ptxxxxxxxxxxx
Pre-processed data found: data1/processed/L_P_train_20.pt, loading ...
NVIDIA GeForce RTX 3080 Ti
True
30xxxxxx
Make prediction for 1000 samples...
1.0 1nysB_7nj7F-complex.4.pdb
1.0 1nysB_7oh0CB-complex.5.pdb
1.0 1nysB_7o30BA-complex.5.pdb
1.0 1nysB_7oh0CB-complex.4.pdb
1.0 1nysB_7o30BA-complex.1.pdb
1.0 1nysB_7nabAB-complex.1.pdb
1.0 1nysB_7niwCB-complex.5.pdb
1.0 1nysB_7oh0CB-complex.1.pdb
1.0 1nysB_7nd6HL-complex.4.pdb
1.0 1nysB_7p5vG-complex.5.pdb
1.0 1nysB_7nvoN-complex.5.pdb
1.0 1nysB_7oh0CB-complex.2.pdb
1.0 1nysB_7nd8HL-complex.5.pdb
1.0 1nysB_7nksCD-complex.5.pdb
1.0 1nysB_7o30BA-complex.3.pdb
1.0 1nysB_7o30BA-complex.2.pdb
1.0 1nysB_7n9eD-complex.2.pdb
1.0 1nysB_7nabAB-complex.4.pdb
1.0 1nysB_7nd0HL-complex.4.pdb
1.0 1nysB_7nd6HL-complex.5.pdb
1.0 1nysB_7nabAB-complex.3.pdb
1.0 1nysB_7pi7EF-complex.3.pdb
1.0 1nysB_7nx6HL-complex.1.pdb
1.0 1nysB_7o30BA-complex.4.pdb
1.0 1nysB_7oh0CB-complex.3.pdb
1.0 1nysB_7pa9KL-complex.5.pdb
0.9999999 1nysB_7nabAB-complex.2.pdb
0.9999999 1nysB_7niwCB-complex.1.pdb
0.9999999 1nysB_7nivCB-complex.4.pdb
0.9999999 1nysB_7niwCB-complex.4.pdb
0.9999999 1nysB_7nivCB-complex.5.pdb
0.9999999 1nysB_7niwCB-complex.2.pdb
0.9999999 1nysB_7p00Hh-complex.3.pdb
0.99999976 1nysB_7oh1ED-complex.4.pdb
0.99999976 1nysB_7niwCB-complex.3.pdb
0.99999976 1nysB_7n0aBA-complex.3.pdb
0.99999976 1nysB_7n0aBA-complex.4.pdb
0.99999976 1nysB_7n62HL-complex.1.pdb
0.99999964 1nysB_7nivCB-complex.3.pdb
0.99999964 1nysB_7n0aBA-complex.5.pdb
0.99999964 1nysB_7n0vHL-complex.1.pdb
0.99999964 1nysB_7n0aBA-complex.2.pdb
0.9999994 1nysB_7n0iK-complex.1.pdb
0.99999917 1nysB_7o9sHL-complex.3.pdb
0.99999905 1nysB_7p77H-complex.4.pdb
0.99999905 1nysB_7nivCB-complex.2.pdb
0.9999989 1nysB_7p2dC-complex.3.pdb
0.9999988 1nysB_7nddFG-complex.1.pdb
0.9999988 1nysB_7nivCB-complex.1.pdb
0.9999987 1nysB_7ntcHL-complex.2.pdb
0.999998 1nysB_7o7fHF-complex.2.pdb
0.9999962 1nysB_7n8qHL-complex.3.pdb
0.9999951 1nysB_7pnmIE-complex.1.pdb
0.9999943 1nysB_7nxaAB-complex.5.pdb
0.9999906 1nysB_7phuBC-complex.5.pdb
0.9999906 1nysB_7phuBC-complex.2.pdb
0.9999896 1nysB_7phuBC-complex.1.pdb
0.9999893 1nysB_7o9wCB-complex.2.pdb
0.99998796 1nysB_7nxaAB-complex.1.pdb
0.9999875 1nysB_7nmuC-complex.2.pdb
0.99998593 1nysB_7nxbAB-complex.4.pdb
0.9999858 1nysB_7nxaAB-complex.3.pdb
0.99998534 1nysB_7pa9KL-complex.3.pdb
0.99998415 1nysB_7n9cE-complex.5.pdb
0.9999838 1nysB_7nilF-complex.4.pdb
0.9999825 1nysB_7ps4BC-complex.1.pdb
0.99998164 1nysB_7nxaAB-complex.4.pdb
0.99998105 1nysB_7nxaAB-complex.2.pdb
0.99998057 1nysB_7nxbAB-complex.1.pdb
0.99998 1nysB_7nx9AB-complex.4.pdb
0.999979 1nysB_7ps4BC-complex.5.pdb
0.9999789 1nysB_7ps4BC-complex.4.pdb
0.9999789 1nysB_7ps4BC-complex.2.pdb
0.9999782 1nysB_7nxbAB-complex.3.pdb
0.9999771 1nysB_7nx9AB-complex.2.pdb
0.999977 1nysB_7nabAB-complex.5.pdb
0.99997056 1nysB_7nxbAB-complex.2.pdb
0.9999701 1nysB_7nx9AB-complex.5.pdb
0.9999689 1nysB_7njzHL-complex.1.pdb
0.9999627 1nysB_7nxbAB-complex.5.pdb
0.99995863 1nysB_7nx9AB-complex.1.pdb
0.9999584 1nysB_7ps1AB-complex.3.pdb
0.99995625 1nysB_7ps1AB-complex.2.pdb
0.999954 1nysB_7ps1AB-complex.5.pdb
0.99995303 1nysB_7ps1AB-complex.1.pdb
0.99995303 1nysB_7pr0CB-complex.5.pdb
0.9999453 1nysB_7ps4BC-complex.3.pdb
0.9999331 1nysB_7or9HL-complex.1.pdb
0.99992156 1nysB_7nvmN-complex.4.pdb
0.9999089 1nysB_7o0sA-complex.1.pdb
0.9999021 1nysB_7o9wCB-complex.3.pdb
0.99990165 1nysB_7o9wCB-complex.5.pdb
0.9999014 1nysB_7o9wCB-complex.1.pdb
0.9998989 1nysB_7nddFG-complex.3.pdb
0.9998975 1nysB_7o9wCB-complex.4.pdb
0.99989736 1nysB_7ps1AB-complex.4.pdb
0.9998934 1nysB_7n0aBA-complex.1.pdb
0.99988735 1nysB_7nghD-complex.3.pdb
0.99985075 1nysB_7nx9AB-complex.3.pdb
0.99984753 1nysB_7pr0CB-complex.4.pdb
0.9998423 1nysB_7pr0CB-complex.1.pdb
0.9998227 1nysB_7nbbD-complex.2.pdb
0.9998166 1nysB_7ndcHL-complex.4.pdb
0.9998134 1nysB_7ox1AB-complex.3.pdb
0.99980444 1nysB_7ox1AB-complex.5.pdb
0.99980444 1nysB_7ox1AB-complex.2.pdb
0.99978274 1nysB_7n9tD-complex.3.pdb
0.9997243 1nysB_7ox1AB-complex.4.pdb
0.999721 1nysB_7pr0CB-complex.3.pdb
0.99971145 1nysB_7n9eD-complex.4.pdb
0.9996972 1nysB_7np1IM-complex.3.pdb
0.99947184 1nysB_7nowA-complex.4.pdb
0.99946684 1nysB_7phuBC-complex.4.pdb
0.9994522 1nysB_7pqyHL-complex.4.pdb
0.9994423 1nysB_7phuBC-complex.3.pdb
0.9993819 1nysB_7ox4AB-complex.3.pdb
0.9993445 1nysB_7pr0CB-complex.2.pdb
0.99934095 1nysB_7ox1AB-complex.1.pdb
0.9993309 1nysB_7ox4AB-complex.1.pdb
0.9992798 1nysB_7nx6HL-complex.3.pdb
0.99913967 1nysB_7ox4AB-complex.4.pdb
0.9989748 1nysB_7pi3TU-complex.1.pdb
0.99877733 1nysB_7ox4AB-complex.5.pdb
0.99868304 1nysB_7ox4AB-complex.2.pdb
0.9980775 1nysB_7na9D-complex.3.pdb
0.99806815 1nysB_7ox3AB-complex.5.pdb
0.99793845 1nysB_7nfqD-complex.3.pdb
0.9978709 1nysB_7ox3AB-complex.4.pdb
0.9978029 1nysB_7pa9KL-complex.1.pdb
0.99778974 1nysB_7ox3AB-complex.1.pdb
0.9976031 1nysB_7ox3AB-complex.2.pdb
0.99429977 1nysB_7ox3AB-complex.3.pdb
0.9933221 1nysB_7o06A-complex.4.pdb
0.992284 1nysB_7pg8IG-complex.1.pdb
0.99167234 1nysB_7pijN-complex.3.pdb
0.9894254 1nysB_7p6kG-complex.1.pdb
0.9885783 1nysB_7ph7C-complex.2.pdb
0.9879188 1nysB_7negHL-complex.4.pdb
0.9873657 1nysB_7nd8HL-complex.3.pdb
0.9858994 1nysB_7nxxB-complex.1.pdb
0.98499566 1nysB_7nd6HL-complex.1.pdb
0.9845823 1nysB_7phqN-complex.2.pdb
0.9806762 1nysB_7orbEF-complex.2.pdb
0.9716626 1nysB_7oaoF-complex.4.pdb
0.97081393 1nysB_7n8iHL-complex.4.pdb
0.9703279 1nysB_7po5HL-complex.4.pdb
0.96968967 1nysB_7ndaHL-complex.4.pdb
0.96662295 1nysB_7n0gZ-complex.1.pdb
0.96616226 1nysB_7p5vG-complex.1.pdb
0.962215 1nysB_7nd6HL-complex.3.pdb
0.9598366 1nysB_7nxxB-complex.5.pdb
0.9560204 1nysB_7po5HL-complex.2.pdb
0.9509432 1nysB_7ny5IH-complex.2.pdb
0.9449526 1nysB_7pi7EF-complex.1.pdb
0.94348806 1nysB_7pnqDF-complex.1.pdb
0.93692654 1nysB_7nxxB-complex.2.pdb
0.9082136 1nysB_7p5wL-complex.2.pdb
0.89738077 1nysB_7n64HL-complex.1.pdb
0.88876516 1nysB_7nxxB-complex.3.pdb
0.884149 1nysB_7pa9KL-complex.2.pdb
0.87375426 1nysB_7nowA-complex.1.pdb
0.8652558 1nysB_7przHL-complex.1.pdb
0.8536793 1nysB_7n0hZ-complex.5.pdb
0.8532484 1nysB_7p5yJ-complex.3.pdb
0.84014875 1nysB_7n3iHL-complex.2.pdb
0.8307868 1nysB_7pqzHL-complex.4.pdb
0.8146864 1nysB_7phwEF-complex.4.pdb
0.8053404 1nysB_7n3iHL-complex.5.pdb
0.8044597 1nysB_7o06A-complex.3.pdb
0.8007095 1nysB_7o0sA-complex.5.pdb
0.77951896 1nysB_7pc0F-complex.5.pdb
0.7704992 1nysB_7pgbRS-complex.5.pdb
0.7446859 1nysB_7phvBC-complex.4.pdb
0.7446757 1nysB_7pnqDF-complex.4.pdb
0.68515515 1nysB_7o2zHL-complex.2.pdb
0.67409146 1nysB_7n9tD-complex.4.pdb
0.66846496 1nysB_7oayL-complex.4.pdb
0.65090847 1nysB_7oxnHK-complex.1.pdb
0.62398267 1nysB_7nikF-complex.5.pdb
0.617219 1nysB_7n4jHL-complex.1.pdb
0.60957223 1nysB_7nd4HL-complex.3.pdb
0.60716563 1nysB_7nksCD-complex.4.pdb
0.5972813 1nysB_7p78H-complex.5.pdb
0.5442471 1nysB_7phvBC-complex.2.pdb
0.5442471 1nysB_7phvBC-complex.1.pdb
0.5442471 1nysB_7phvBC-complex.5.pdb
0.5442471 1nysB_7phvBC-complex.3.pdb
0.541805 1nysB_7n8qHL-complex.4.pdb
0.54054284 1nysB_7ps0HL-complex.4.pdb
0.49491003 1nysB_7oaoF-complex.3.pdb
0.44767052 1nysB_7piuN-complex.2.pdb
0.43787852 1nysB_7nj5F-complex.1.pdb
0.42307243 1nysB_7nezDC-complex.2.pdb
0.37872496 1nysB_7nghD-complex.2.pdb
0.3604405 1nysB_7nvmN-complex.5.pdb
0.3574642 1nysB_7nvmN-complex.3.pdb
0.34170452 1nysB_7nxxB-complex.4.pdb
0.32862753 1nysB_7nj7F-complex.3.pdb
0.3219431 1nysB_7pi7EF-complex.5.pdb
0.3075344 1nysB_7nd5HL-complex.2.pdb
0.29365844 1nysB_7nd4HL-complex.4.pdb
0.29237208 1nysB_7n4nD-complex.5.pdb
0.28010613 1nysB_7pqzHL-complex.2.pdb
0.27652672 1nysB_7ncsHL-complex.4.pdb
0.2700525 1nysB_7phqN-complex.4.pdb
0.2559237 1nysB_7nw3HL-complex.4.pdb
0.2233989 1nysB_7n0sF-complex.5.pdb
0.20631991 1nysB_7nd9HL-complex.2.pdb
0.19995129 1nysB_7ps7AB-complex.4.pdb
0.19164234 1nysB_7ps7AB-complex.3.pdb
0.18802385 1nysB_7phwEF-complex.5.pdb
0.17721932 1nysB_7ps7AB-complex.1.pdb
0.16885377 1nysB_7nksCD-complex.2.pdb
0.16815905 1nysB_7nj5F-complex.4.pdb
0.16301884 1nysB_7ps7AB-complex.2.pdb
0.14084163 1nysB_7n9bF-complex.5.pdb
0.13657686 1nysB_7n0uHL-complex.2.pdb
0.12087078 1nysB_7n28SU-complex.2.pdb
0.1116805 1nysB_7ow1HK-complex.3.pdb
0.11080238 1nysB_7o7fHF-complex.1.pdb
0.10198907 1nysB_7nksCD-complex.1.pdb
0.097147405 1nysB_7nd0HL-complex.2.pdb
0.09521798 1nysB_7nd7HL-complex.1.pdb
0.090934336 1nysB_7oztA-complex.2.pdb
0.08965921 1nysB_7n4nD-complex.4.pdb
0.08584487 1nysB_7oaqA-complex.3.pdb
0.07925421 1nysB_7pi2EF-complex.2.pdb
0.07738745 1nysB_7ps7AB-complex.5.pdb
0.07659484 1nysB_7o3bA-complex.2.pdb
0.07550635 1nysB_7p2dC-complex.4.pdb
0.07419763 1nysB_7n0iK-complex.3.pdb
0.07232449 1nysB_7n8hED-complex.4.pdb
0.07125189 1nysB_7n0sF-complex.3.pdb
0.07011323 1nysB_7q0gHL-complex.4.pdb
0.068404146 1nysB_7nwlDE-complex.2.pdb
0.067023 1nysB_7n0gZ-complex.3.pdb
0.066465236 1nysB_7neqFE-complex.3.pdb
0.06543254 1nysB_7o06A-complex.1.pdb
0.062296133 1nysB_7njzHL-complex.5.pdb
0.057916593 1nysB_7olyHL-complex.1.pdb
0.05639942 1nysB_7om4B-complex.5.pdb
0.05639942 1nysB_7om4B-complex.1.pdb
0.05639942 1nysB_7om4B-complex.2.pdb
0.056142695 1nysB_7nd4HL-complex.2.pdb
0.05588675 1nysB_7n28SU-complex.3.pdb
0.05293791 1nysB_7om4B-complex.3.pdb
0.05293791 1nysB_7om4B-complex.4.pdb
0.052785736 1nysB_7nvln-complex.5.pdb
0.05088785 1nysB_7p5vG-complex.2.pdb
0.048539136 1nysB_7nd3HL-complex.2.pdb
0.04814711 1nysB_7nozR-complex.5.pdb
0.04705399 1nysB_7p40FB-complex.2.pdb
0.044753682 1nysB_7pi2EF-complex.4.pdb
0.04450211 1nysB_7p78H-complex.1.pdb
0.043171886 1nysB_7nvln-complex.4.pdb
0.04151386 1nysB_7nvnN-complex.4.pdb
0.036004245 1nysB_7nghD-complex.1.pdb
0.033456225 1nysB_7o52HL-complex.3.pdb
0.033141747 1nysB_7piuN-complex.4.pdb
0.027750012 1nysB_7p79D-complex.4.pdb
0.027484281 1nysB_7p00Hh-complex.5.pdb
0.027413897 1nysB_7n5hHL-complex.5.pdb
0.02567323 1nysB_7pi3TU-complex.4.pdb
0.024674436 1nysB_7q0gHL-complex.1.pdb
0.018480226 1nysB_7nx3ED-complex.3.pdb
0.016769994 1nysB_7ps0HL-complex.5.pdb
0.016152592 1nysB_7p40FB-complex.3.pdb
0.016096266 1nysB_7p5wL-complex.4.pdb
0.013668786 1nysB_7pgbRS-complex.2.pdb
0.013509684 1nysB_7nx7HL-complex.1.pdb
0.012174115 1nysB_7nozR-complex.2.pdb
0.0109066125 1nysB_7nezDC-complex.4.pdb
0.010552362 1nysB_7nd7HL-complex.5.pdb
0.010427644 1nysB_7o7fHF-complex.4.pdb
0.009498006 1nysB_7pqgB-complex.1.pdb
0.009498006 1nysB_7pqgB-complex.4.pdb
0.009498006 1nysB_7pqgB-complex.2.pdb
0.009498006 1nysB_7pqgB-complex.3.pdb
0.009498006 1nysB_7pqgB-complex.5.pdb
0.009321089 1nysB_7oaqA-complex.2.pdb
0.009122774 1nysB_7n9aA-complex.1.pdb
0.008773517 1nysB_7nvmN-complex.2.pdb
0.008136306 1nysB_7pg8IG-complex.2.pdb
0.0076609435 1nysB_7p40FB-complex.5.pdb
0.0074855145 1nysB_7n8qHL-complex.5.pdb
0.007429944 1nysB_7nvln-complex.3.pdb
0.00715271 1nysB_7nx6HL-complex.2.pdb
0.007097383 1nysB_7nfqD-complex.2.pdb
0.0069000986 1nysB_7ph3C-complex.1.pdb
0.0063196807 1nysB_7nd9HL-complex.3.pdb
0.0059226356 1nysB_7p40FB-complex.1.pdb
0.0057203285 1nysB_7nfdDC-complex.4.pdb
0.0056368657 1nysB_7pbdF-complex.2.pdb
0.005347033 1nysB_7pa8YF-complex.4.pdb
0.005074737 1nysB_7pbdF-complex.4.pdb
0.0048713917 1nysB_7nd7HL-complex.3.pdb
0.004794218 1nysB_7o3bA-complex.3.pdb
0.004757999 1nysB_7n08HL-complex.3.pdb
0.004479181 1nysB_7ncsHL-complex.5.pdb
0.0042457804 1nysB_7n8iHL-complex.3.pdb
0.003939082 1nysB_7pc2GH-complex.1.pdb
0.003813751 1nysB_7oztA-complex.5.pdb
0.0037421002 1nysB_7nksCD-complex.3.pdb
0.0032448652 1nysB_7n8iHL-complex.2.pdb
0.003118047 1nysB_7o31HL-complex.5.pdb
0.0030862014 1nysB_7nk8F-complex.1.pdb
0.0025781854 1nysB_7nezDC-complex.3.pdb
0.0023482186 1nysB_7p77H-complex.5.pdb
0.0021850024 1nysB_7o2zHL-complex.5.pdb
0.0020169108 1nysB_7przHL-complex.2.pdb
0.0019801455 1nysB_7o0sA-complex.3.pdb
0.0019638238 1nysB_7ns6H-complex.4.pdb
0.0019054797 1nysB_7olzB-complex.1.pdb
0.0018730976 1nysB_7olzB-complex.3.pdb
0.0018730976 1nysB_7olzB-complex.2.pdb
0.0018730976 1nysB_7olzB-complex.5.pdb
0.0018730976 1nysB_7olzB-complex.4.pdb
0.0018496669 1nysB_7o31HL-complex.1.pdb
0.0018353062 1nysB_7nwlDE-complex.1.pdb
0.0017526612 1nysB_7pa5B-complex.5.pdb
0.0016990766 1nysB_7pa5B-complex.2.pdb
0.0016990766 1nysB_7pa5B-complex.4.pdb
0.0016990766 1nysB_7pa5B-complex.1.pdb
0.0016990766 1nysB_7pa5B-complex.3.pdb
0.0016846587 1nysB_7nghD-complex.5.pdb
0.0015892409 1nysB_7ps2HL-complex.1.pdb
0.0015424592 1nysB_7nwlDE-complex.4.pdb
0.0013959191 1nysB_7ps0HL-complex.3.pdb
0.0013093213 1nysB_7ph7C-complex.1.pdb
0.00121034 1nysB_7or9HL-complex.5.pdb
0.0012008545 1nysB_7nfrB-complex.4.pdb
0.001197834 1nysB_7nfrB-complex.5.pdb
0.0011927482 1nysB_7oh1ED-complex.5.pdb
0.0011754184 1nysB_7nbbD-complex.4.pdb
0.0011681909 1nysB_7nfrB-complex.1.pdb
0.0011681909 1nysB_7nfrB-complex.2.pdb
0.0011681909 1nysB_7nfrB-complex.3.pdb
0.0011527528 1nysB_7p77H-complex.3.pdb
0.0011325534 1nysB_7ps6HL-complex.4.pdb
0.0010529226 1nysB_7nx3ED-complex.5.pdb
0.0010238258 1nysB_7pnmIE-complex.2.pdb
0.0009861566 1nysB_7o3bA-complex.5.pdb
0.00092175324 1nysB_7np1IM-complex.1.pdb
0.00085515965 1nysB_7p00Hh-complex.4.pdb
0.0007988636 1nysB_7nd0HL-complex.1.pdb
0.0005914693 1nysB_7pi7EF-complex.2.pdb
0.00057545054 1nysB_7p79D-complex.5.pdb
0.0005673636 1nysB_7n0rD-complex.5.pdb
0.0005646731 1nysB_7nikF-complex.2.pdb
0.00054757344 1nysB_7nirF-complex.5.pdb
0.0005439809 1nysB_7nd0HL-complex.5.pdb
0.0005328171 1nysB_7nilF-complex.1.pdb
0.00050496846 1nysB_7nqkB-complex.2.pdb
0.0004938756 1nysB_7nqkB-complex.5.pdb
0.0004938756 1nysB_7nqkB-complex.3.pdb
0.0004938756 1nysB_7nqkB-complex.1.pdb
0.00046063727 1nysB_7nqkB-complex.4.pdb
0.00044967214 1nysB_7ocjG-complex.2.pdb
0.00041669997 1nysB_7n3iHL-complex.1.pdb
0.0004112533 1nysB_7n8iHL-complex.5.pdb
0.00040026638 1nysB_7p60H-complex.1.pdb
0.0003926653 1nysB_7n0iK-complex.4.pdb
0.00033694252 1nysB_7ocjG-complex.3.pdb
0.0003329821 1nysB_7ns6H-complex.2.pdb
0.00030973845 1nysB_7nvoN-complex.4.pdb
0.00029482358 1nysB_7p60H-complex.2.pdb
0.00029460245 1nysB_7p02Hh-complex.4.pdb
0.00029265517 1nysB_7n8hED-complex.1.pdb
0.00029040576 1nysB_7p79D-complex.3.pdb
0.00028665093 1nysB_7pbdF-complex.3.pdb
0.0002571116 1nysB_7nx7HL-complex.5.pdb
0.0002522798 1nysB_7niuED-complex.4.pdb
0.00023806977 1nysB_7ps0HL-complex.2.pdb
0.00022841584 1nysB_7ps5HL-complex.1.pdb
0.00022476049 1nysB_7nj7F-complex.2.pdb
0.000205072 1nysB_7o52HL-complex.1.pdb
0.0001954135 1nysB_7n08HL-complex.1.pdb
0.00018139301 1nysB_7n9bF-complex.1.pdb
0.00017969083 1nysB_7pi3TU-complex.5.pdb
0.00016885147 1nysB_7ndfC-complex.3.pdb
0.00016765624 1nysB_7pnqDF-complex.3.pdb
0.00016651044 1nysB_7n65CD-complex.5.pdb
0.00016582597 1nysB_7p40FB-complex.4.pdb
0.00016024131 1nysB_7p02Hh-complex.3.pdb
0.00016007836 1nysB_7na8Nn-complex.5.pdb
0.00015945453 1nysB_7p14B-complex.3.pdb
0.00014693453 1nysB_7ox2AL-complex.3.pdb
0.00014288879 1nysB_7n0hZ-complex.1.pdb
0.00014036575 1nysB_7nkiF-complex.5.pdb
0.00013858643 1nysB_7n3dHL-complex.5.pdb
0.00013802924 1nysB_7n9cE-complex.4.pdb
0.00013707712 1nysB_7nkiF-complex.1.pdb
0.00012819593 1nysB_7p16B-complex.1.pdb
0.00012503026 1nysB_7pijN-complex.5.pdb
0.00011007948 1nysB_7p14B-complex.1.pdb
0.000109366774 1nysB_7p16B-complex.3.pdb
0.00010761296 1nysB_7p14B-complex.2.pdb
0.00010761296 1nysB_7p16B-complex.2.pdb
0.00010761296 1nysB_7p16B-complex.5.pdb
0.00010761296 1nysB_7p14B-complex.5.pdb
0.00010761296 1nysB_7p14B-complex.4.pdb
0.00010761296 1nysB_7p16B-complex.4.pdb
0.00010504202 1nysB_7nj5F-complex.5.pdb
0.0001033751 1nysB_7n9aA-complex.5.pdb
9.64259e-05 1nysB_7p5vG-complex.4.pdb
9.6282936e-05 1nysB_7n0vHL-complex.5.pdb
9.514407e-05 1nysB_7nfdDC-complex.5.pdb
9.112908e-05 1nysB_7nvoN-complex.2.pdb
8.98699e-05 1nysB_7n9bF-complex.3.pdb
8.946776e-05 1nysB_7n9vB-complex.5.pdb
8.946776e-05 1nysB_7n9vB-complex.2.pdb
8.946776e-05 1nysB_7n9vB-complex.4.pdb
8.8528206e-05 1nysB_7n9vB-complex.1.pdb
8.8528206e-05 1nysB_7n9vB-complex.3.pdb
8.692425e-05 1nysB_7p60H-complex.4.pdb
8.4828105e-05 1nysB_7q0aYZ-complex.3.pdb
8.363836e-05 1nysB_7n05HL-complex.5.pdb
8.1196966e-05 1nysB_7nvnN-complex.5.pdb
7.732847e-05 1nysB_7pa6Kk-complex.4.pdb
6.846529e-05 1nysB_7np1IM-complex.5.pdb
6.8423775e-05 1nysB_7neqFE-complex.5.pdb
6.839664e-05 1nysB_7neqFE-complex.1.pdb
5.6135483e-05 1nysB_7nvnN-complex.3.pdb
5.2742835e-05 1nysB_7q0hHL-complex.1.pdb
5.1982694e-05 1nysB_7o31HL-complex.3.pdb
5.122159e-05 1nysB_7nk8F-complex.4.pdb
4.9279668e-05 1nysB_7nk8F-complex.5.pdb
4.642895e-05 1nysB_7nvmN-complex.1.pdb
4.638872e-05 1nysB_7pryCD-complex.5.pdb
4.621938e-05 1nysB_7o0sA-complex.4.pdb
4.57612e-05 1nysB_7piuN-complex.5.pdb
4.3422147e-05 1nysB_7nllA-complex.3.pdb
4.1385018e-05 1nysB_7o7fHF-complex.3.pdb
4.0615912e-05 1nysB_7nmuC-complex.4.pdb
3.8381e-05 1nysB_7ndaHL-complex.1.pdb
3.3515094e-05 1nysB_7nd8HL-complex.1.pdb
3.2633387e-05 1nysB_7nw3HL-complex.2.pdb
3.138021e-05 1nysB_7p2dC-complex.1.pdb
3.0527837e-05 1nysB_7p78H-complex.2.pdb
3.0275718e-05 1nysB_7nvln-complex.1.pdb
3.026299e-05 1nysB_7p78H-complex.4.pdb
2.8496765e-05 1nysB_7p79D-complex.1.pdb
2.7003969e-05 1nysB_7nvln-complex.2.pdb
2.6893409e-05 1nysB_7pryCD-complex.3.pdb
2.6202631e-05 1nysB_7pa6Kk-complex.2.pdb
2.3443306e-05 1nysB_7njzHL-complex.3.pdb
1.9739944e-05 1nysB_7q0aYZ-complex.2.pdb
1.851721e-05 1nysB_7phpN-complex.2.pdb
1.8246934e-05 1nysB_7oxnHK-complex.2.pdb
1.7791357e-05 1nysB_7ps6HL-complex.3.pdb
1.7409666e-05 1nysB_7nj3F-complex.2.pdb
1.5018417e-05 1nysB_7nw3HL-complex.1.pdb
1.4670423e-05 1nysB_7o06A-complex.5.pdb
1.3911455e-05 1nysB_7pijN-complex.1.pdb
1.2086734e-05 1nysB_7pafB-complex.4.pdb
1.208519e-05 1nysB_7po5HL-complex.5.pdb
1.1946148e-05 1nysB_7pafB-complex.2.pdb
1.1868669e-05 1nysB_7pi2EF-complex.5.pdb
1.1865693e-05 1nysB_7ndfC-complex.5.pdb
1.1709395e-05 1nysB_7n0uHL-complex.1.pdb
1.150043e-05 1nysB_7po5HL-complex.1.pdb
1.126009e-05 1nysB_7ow1HK-complex.4.pdb
1.0369046e-05 1nysB_7nghD-complex.4.pdb
1.0345775e-05 1nysB_7n9aA-complex.2.pdb
1.0189151e-05 1nysB_7nddFG-complex.5.pdb
9.32962e-06 1nysB_7nd6HL-complex.2.pdb
8.864818e-06 1nysB_7pg8IG-complex.3.pdb
8.84854e-06 1nysB_7ph4C-complex.2.pdb
8.140072e-06 1nysB_7ps5HL-complex.5.pdb
7.6203523e-06 1nysB_7n9bF-complex.2.pdb
7.3541664e-06 1nysB_7pbzF-complex.2.pdb
7.311774e-06 1nysB_7nllA-complex.1.pdb
6.2651957e-06 1nysB_7ndcHL-complex.5.pdb
6.07881e-06 1nysB_7n65CD-complex.1.pdb
5.940012e-06 1nysB_7n9tD-complex.5.pdb
5.341399e-06 1nysB_7na8Nn-complex.1.pdb
5.2922815e-06 1nysB_7pgbRS-complex.4.pdb
5.172892e-06 1nysB_7nvnN-complex.1.pdb
5.09525e-06 1nysB_7pafB-complex.5.pdb
5.021521e-06 1nysB_7ow1HK-complex.2.pdb
4.619545e-06 1nysB_7ps0HL-complex.1.pdb
4.3388636e-06 1nysB_7n05HL-complex.3.pdb
3.7415423e-06 1nysB_7nj3F-complex.5.pdb
3.4407726e-06 1nysB_7ndaHL-complex.3.pdb
3.1862157e-06 1nysB_7pgbRS-complex.1.pdb
3.1637337e-06 1nysB_7na7Nn-complex.1.pdb
2.9400596e-06 1nysB_7ndaHL-complex.2.pdb
2.842379e-06 1nysB_7o31HL-complex.4.pdb
2.7927904e-06 1nysB_7n65CD-complex.2.pdb
2.7416531e-06 1nysB_7pafB-complex.3.pdb
2.7195056e-06 1nysB_7pafB-complex.1.pdb
2.1702342e-06 1nysB_7pqqB-complex.3.pdb
2.1191565e-06 1nysB_7ox2AL-complex.4.pdb
2.1023122e-06 1nysB_7pqqB-complex.4.pdb
2.1023122e-06 1nysB_7pqqB-complex.1.pdb
2.1023122e-06 1nysB_7pqqB-complex.5.pdb
2.1023122e-06 1nysB_7pqqB-complex.2.pdb
1.9645872e-06 1nysB_7nd9HL-complex.4.pdb
1.8915157e-06 1nysB_7ommC-complex.3.pdb
1.7898525e-06 1nysB_7p5vG-complex.3.pdb
1.6743751e-06 1nysB_7pa9KL-complex.4.pdb
1.6038324e-06 1nysB_7nx8HL-complex.2.pdb
1.5255716e-06 1nysB_7pivN-complex.4.pdb
1.5071801e-06 1nysB_7pi2EF-complex.3.pdb
1.4997572e-06 1nysB_7p6kG-complex.4.pdb
1.464162e-06 1nysB_7n8hED-complex.2.pdb
1.4514148e-06 1nysB_7paaAa-complex.2.pdb
1.4134877e-06 1nysB_7o33HL-complex.1.pdb
1.409546e-06 1nysB_7ox2AL-complex.1.pdb
1.3880928e-06 1nysB_7oanF-complex.4.pdb
1.3366803e-06 1nysB_7ndaHL-complex.5.pdb
1.236738e-06 1nysB_7n08HL-complex.4.pdb
1.2311448e-06 1nysB_7nx3ED-complex.2.pdb
1.2175235e-06 1nysB_7o7fHF-complex.5.pdb
1.1350364e-06 1nysB_7nd5HL-complex.4.pdb
1.1320906e-06 1nysB_7ps6HL-complex.5.pdb
1.1214225e-06 1nysB_7nowA-complex.5.pdb
1.012775e-06 1nysB_7ph4C-complex.3.pdb
9.865338e-07 1nysB_7oapF-complex.4.pdb
9.744984e-07 1nysB_7nktB-complex.4.pdb
9.690224e-07 1nysB_7pa6Kk-complex.5.pdb
9.611404e-07 1nysB_7p7aA-complex.1.pdb
9.396432e-07 1nysB_7nktB-complex.1.pdb
9.396432e-07 1nysB_7nktB-complex.5.pdb
9.396432e-07 1nysB_7nktB-complex.3.pdb
9.396432e-07 1nysB_7nktB-complex.2.pdb
8.367632e-07 1nysB_7pqyHL-complex.2.pdb
8.241841e-07 1nysB_7oraHL-complex.5.pdb
7.8231363e-07 1nysB_7piuN-complex.1.pdb
7.7058974e-07 1nysB_7oraHL-complex.4.pdb
7.5414243e-07 1nysB_7nikF-complex.3.pdb
7.421312e-07 1nysB_7n3cHL-complex.5.pdb
6.308305e-07 1nysB_7pc2GH-complex.2.pdb
6.278051e-07 1nysB_7oxnHK-complex.5.pdb
6.2614527e-07 1nysB_7o2zHL-complex.1.pdb
5.9725323e-07 1nysB_7nx8HL-complex.3.pdb
5.2802403e-07 1nysB_7o2zHL-complex.3.pdb
5.073659e-07 1nysB_7pijN-complex.4.pdb
4.6803814e-07 1nysB_7pa8YF-complex.2.pdb
4.5840324e-07 1nysB_7n0hZ-complex.2.pdb
4.2538412e-07 1nysB_7n9cE-complex.1.pdb
4.2381015e-07 1nysB_7n8hED-complex.5.pdb
3.9470993e-07 1nysB_7na9D-complex.5.pdb
3.795881e-07 1nysB_7nozR-complex.4.pdb
3.3316329e-07 1nysB_7na7Nn-complex.3.pdb
2.7492672e-07 1nysB_7ps2HL-complex.5.pdb
2.667633e-07 1nysB_7pivN-complex.3.pdb
2.563117e-07 1nysB_7n0iK-complex.2.pdb
2.5523283e-07 1nysB_7oauB-complex.5.pdb
2.524448e-07 1nysB_7oauB-complex.2.pdb
2.524448e-07 1nysB_7oauB-complex.3.pdb
2.524448e-07 1nysB_7oauB-complex.1.pdb
2.5185327e-07 1nysB_7ocyC-complex.4.pdb
2.505766e-07 1nysB_7nd8HL-complex.4.pdb
2.4578011e-07 1nysB_7n0vHL-complex.2.pdb
2.2569265e-07 1nysB_7ocyC-complex.1.pdb
1.805853e-07 1nysB_7o31HL-complex.2.pdb
1.723213e-07 1nysB_7oanF-complex.3.pdb
1.6546078e-07 1nysB_7phpN-complex.5.pdb
1.6212714e-07 1nysB_7nkiF-complex.2.pdb
1.6122209e-07 1nysB_7ns6H-complex.3.pdb
1.5932828e-07 1nysB_7nftC-complex.5.pdb
1.5724575e-07 1nysB_7nezDC-complex.1.pdb
1.4702694e-07 1nysB_7njzHL-complex.4.pdb
1.4471051e-07 1nysB_7oayL-complex.1.pdb
1.3900916e-07 1nysB_7nftC-complex.3.pdb
1.3526143e-07 1nysB_7paaAa-complex.5.pdb
1.2729099e-07 1nysB_7nx0D-complex.4.pdb
1.2702347e-07 1nysB_7oh1ED-complex.3.pdb
1.1604111e-07 1nysB_7p60H-complex.3.pdb
1.1294986e-07 1nysB_7nfqD-complex.4.pdb
1.05187624e-07 1nysB_7nk4F-complex.5.pdb
9.3274636e-08 1nysB_7ntcHL-complex.1.pdb
8.823136e-08 1nysB_7or9HL-complex.4.pdb
8.6791424e-08 1nysB_7nowA-complex.3.pdb
8.40177e-08 1nysB_7ps5HL-complex.4.pdb
7.748257e-08 1nysB_7oh1ED-complex.2.pdb
6.93124e-08 1nysB_7na8Nn-complex.3.pdb
6.861538e-08 1nysB_7nx7HL-complex.2.pdb
6.652574e-08 1nysB_7oaoF-complex.1.pdb
6.649961e-08 1nysB_7nwlDE-complex.3.pdb
6.507038e-08 1nysB_7p5yJ-complex.4.pdb
5.566498e-08 1nysB_7n8qHL-complex.1.pdb
5.0690012e-08 1nysB_7p6kG-complex.2.pdb
4.655438e-08 1nysB_7ps6HL-complex.1.pdb
4.249016e-08 1nysB_7p60H-complex.5.pdb
3.6662353e-08 1nysB_7neqFE-complex.2.pdb
3.5902534e-08 1nysB_7nd8HL-complex.2.pdb
3.5199452e-08 1nysB_7paaAa-complex.4.pdb
3.477875e-08 1nysB_7ps2HL-complex.3.pdb
3.4321943e-08 1nysB_7ph4C-complex.4.pdb
3.2361328e-08 1nysB_7pbzF-complex.1.pdb
3.236065e-08 1nysB_7n9cE-complex.2.pdb
2.9952577e-08 1nysB_7n0uHL-complex.4.pdb
2.9668854e-08 1nysB_7o33HL-complex.3.pdb
2.9300114e-08 1nysB_7oauB-complex.4.pdb
2.8084495e-08 1nysB_7na7Nn-complex.4.pdb
2.6851623e-08 1nysB_7nddFG-complex.4.pdb
2.6001224e-08 1nysB_7ph7C-complex.4.pdb
2.5832758e-08 1nysB_7o9sHL-complex.4.pdb
2.545633e-08 1nysB_7o9sHL-complex.2.pdb
2.2842377e-08 1nysB_7pqyHL-complex.1.pdb
2.0555367e-08 1nysB_7nj3F-complex.3.pdb
2.0077477e-08 1nysB_7n0hZ-complex.3.pdb
1.6993381e-08 1nysB_7pg8IG-complex.5.pdb
1.6900904e-08 1nysB_7n9aA-complex.3.pdb
1.6009725e-08 1nysB_7nj5F-complex.3.pdb
1.4262259e-08 1nysB_7nvnN-complex.2.pdb
1.255487e-08 1nysB_7nvoN-complex.3.pdb
1.2050503e-08 1nysB_7ph2C-complex.3.pdb
1.19849e-08 1nysB_7n0gZ-complex.4.pdb
1.1981677e-08 1nysB_7n4mHL-complex.1.pdb
1.0977884e-08 1nysB_7na9D-complex.2.pdb
1.0966668e-08 1nysB_7nk4F-complex.4.pdb
1.0666364e-08 1nysB_7n4jHL-complex.2.pdb
1.06137605e-08 1nysB_7nrhHL-complex.3.pdb
9.555378e-09 1nysB_7nilF-complex.5.pdb
9.301238e-09 1nysB_7olyHL-complex.3.pdb
8.890247e-09 1nysB_7oraHL-complex.1.pdb
8.38331e-09 1nysB_7phqN-complex.5.pdb
8.170841e-09 1nysB_7n0vHL-complex.4.pdb
8.110735e-09 1nysB_7p7aA-complex.3.pdb
7.669795e-09 1nysB_7oztA-complex.1.pdb
7.560613e-09 1nysB_7nbbD-complex.1.pdb
7.477006e-09 1nysB_7pg8IG-complex.4.pdb
7.3015998e-09 1nysB_7n9eD-complex.3.pdb
6.337911e-09 1nysB_7nx8HL-complex.5.pdb
5.757947e-09 1nysB_7n4mHL-complex.2.pdb
5.47589e-09 1nysB_7nd7HL-complex.4.pdb
5.314718e-09 1nysB_7oztA-complex.4.pdb
5.2870957e-09 1nysB_7pryCD-complex.4.pdb
4.392111e-09 1nysB_7ow1HK-complex.1.pdb
4.336671e-09 1nysB_7pqyHL-complex.5.pdb
4.0494603e-09 1nysB_7ocjG-complex.1.pdb
3.6949885e-09 1nysB_7n4nD-complex.1.pdb
3.4058991e-09 1nysB_7n8hED-complex.3.pdb
3.2420315e-09 1nysB_7p77H-complex.2.pdb
3.2148573e-09 1nysB_7nllA-complex.4.pdb
2.941438e-09 1nysB_7nftC-complex.1.pdb
2.9078846e-09 1nysB_7nx8HL-complex.4.pdb
2.8649434e-09 1nysB_7ny5IH-complex.4.pdb
2.489956e-09 1nysB_7niuED-complex.2.pdb
2.3118238e-09 1nysB_7o52HL-complex.4.pdb
1.8723543e-09 1nysB_7n0rD-complex.2.pdb
1.8336582e-09 1nysB_7p79D-complex.2.pdb
1.5726407e-09 1nysB_7pryCD-complex.1.pdb
1.5029185e-09 1nysB_7o52HL-complex.2.pdb
1.228632e-09 1nysB_7na7Nn-complex.5.pdb
1.2077671e-09 1nysB_7ndbHL-complex.5.pdb
1.1872001e-09 1nysB_7n4iHL-complex.3.pdb
9.771305e-10 1nysB_7nmuC-complex.1.pdb
9.596102e-10 1nysB_7pc2GH-complex.3.pdb
8.543549e-10 1nysB_7nd4HL-complex.5.pdb
7.6922935e-10 1nysB_7ntcHL-complex.3.pdb
7.648039e-10 1nysB_7ps2HL-complex.2.pdb
7.1668066e-10 1nysB_7nd3HL-complex.5.pdb
6.7465644e-10 1nysB_7n0hZ-complex.4.pdb
6.7412526e-10 1nysB_7nmuC-complex.3.pdb
5.721259e-10 1nysB_7nrhHL-complex.5.pdb
5.581631e-10 1nysB_7oztA-complex.3.pdb
5.481854e-10 1nysB_7nehHL-complex.1.pdb
5.371572e-10 1nysB_7n0xHL-complex.4.pdb
5.365602e-10 1nysB_7q0aYZ-complex.4.pdb
4.8318904e-10 1nysB_7nqaC-complex.2.pdb
4.4398235e-10 1nysB_7pnqDF-complex.2.pdb
4.2946066e-10 1nysB_7pbzF-complex.4.pdb
4.146366e-10 1nysB_7n0uHL-complex.3.pdb
4.0664472e-10 1nysB_7pbdF-complex.5.pdb
4.0470183e-10 1nysB_7pc0F-complex.3.pdb
3.9505102e-10 1nysB_7n62HL-complex.5.pdb
3.8303977e-10 1nysB_7na8Nn-complex.4.pdb
3.439262e-10 1nysB_7q0aYZ-complex.5.pdb
3.098013e-10 1nysB_7p7aA-complex.4.pdb
3.0798838e-10 1nysB_7ocjG-complex.5.pdb
3.0779343e-10 1nysB_7nirF-complex.3.pdb
2.9493352e-10 1nysB_7pa6Kk-complex.3.pdb
2.7022687e-10 1nysB_7pqzHL-complex.1.pdb
2.474218e-10 1nysB_7pqzHL-complex.3.pdb
2.3634972e-10 1nysB_7pnmIE-complex.4.pdb
2.2199614e-10 1nysB_7q0hHL-complex.2.pdb
1.6555479e-10 1nysB_7oaqA-complex.1.pdb
1.5705445e-10 1nysB_7ph4C-complex.1.pdb
1.555012e-10 1nysB_7pc0F-complex.2.pdb
1.3927821e-10 1nysB_7ntcHL-complex.5.pdb
1.1994218e-10 1nysB_7phwEF-complex.3.pdb
1.15131425e-10 1nysB_7q0gHL-complex.2.pdb
1.1452649e-10 1nysB_7nqaC-complex.1.pdb
1.1111621e-10 1nysB_7q0hHL-complex.4.pdb
1.10172045e-10 1nysB_7n28SU-complex.1.pdb
1.0267088e-10 1nysB_7pi3TU-complex.3.pdb
9.8494594e-11 1nysB_7neqFE-complex.4.pdb
8.994708e-11 1nysB_7nd5HL-complex.3.pdb
7.921013e-11 1nysB_7ps5HL-complex.3.pdb
7.34296e-11 1nysB_7ndbHL-complex.3.pdb
7.055988e-11 1nysB_7ps2HL-complex.4.pdb
6.701098e-11 1nysB_7n65CD-complex.4.pdb
6.340516e-11 1nysB_7pa6Kk-complex.1.pdb
6.026173e-11 1nysB_7n8iHL-complex.1.pdb
5.94591e-11 1nysB_7nilF-complex.2.pdb
5.3184644e-11 1nysB_7nx8HL-complex.1.pdb
4.2373233e-11 1nysB_7np1IM-complex.4.pdb
4.0788897e-11 1nysB_7niuED-complex.3.pdb
3.5447333e-11 1nysB_7nj7F-complex.5.pdb
3.0506268e-11 1nysB_7pivN-complex.2.pdb
2.883794e-11 1nysB_7n4mHL-complex.5.pdb
2.8517686e-11 1nysB_7n0xHL-complex.3.pdb
2.7570102e-11 1nysB_7ow1HK-complex.5.pdb
2.0428775e-11 1nysB_7pc0F-complex.1.pdb
2.0106763e-11 1nysB_7p5yJ-complex.5.pdb
1.5633172e-11 1nysB_7n3dHL-complex.1.pdb
1.5478353e-11 1nysB_7nx3ED-complex.4.pdb
1.3130821e-11 1nysB_7n3dHL-complex.4.pdb
1.2779663e-11 1nysB_7nx6HL-complex.4.pdb
1.2202954e-11 1nysB_7nfdDC-complex.1.pdb
1.1025208e-11 1nysB_7pi3TU-complex.2.pdb
1.0929356e-11 1nysB_7oaqA-complex.5.pdb
9.89876e-12 1nysB_7n64HL-complex.3.pdb
9.81609e-12 1nysB_7n8qHL-complex.2.pdb
9.7926025e-12 1nysB_7p02Hh-complex.2.pdb
8.704988e-12 1nysB_7o33HL-complex.2.pdb
8.492963e-12 1nysB_7nirF-complex.1.pdb
6.8345785e-12 1nysB_7nmuC-complex.5.pdb
6.787797e-12 1nysB_7pqyHL-complex.3.pdb
5.7050168e-12 1nysB_7ndcHL-complex.3.pdb
5.5100364e-12 1nysB_7o3bA-complex.4.pdb
5.2305573e-12 1nysB_7o33HL-complex.4.pdb
5.038945e-12 1nysB_7nftC-complex.4.pdb
4.38596e-12 1nysB_7pnqDF-complex.5.pdb
3.423831e-12 1nysB_7nx0D-complex.2.pdb
3.2325607e-12 1nysB_7po5HL-complex.3.pdb
2.696911e-12 1nysB_7nqaC-complex.4.pdb
2.6792635e-12 1nysB_7nqaC-complex.5.pdb
2.4807081e-12 1nysB_7nk8F-complex.3.pdb
2.4225541e-12 1nysB_7nwlDE-complex.5.pdb
2.395491e-12 1nysB_7p78H-complex.3.pdb
2.2682993e-12 1nysB_7paaAa-complex.1.pdb
2.178957e-12 1nysB_7nehHL-complex.2.pdb
2.1434822e-12 1nysB_7o06A-complex.2.pdb
1.943205e-12 1nysB_7ph2C-complex.2.pdb
1.8173671e-12 1nysB_7nikF-complex.4.pdb
1.7640279e-12 1nysB_7n4jHL-complex.3.pdb
1.6244511e-12 1nysB_7n9eD-complex.1.pdb
1.5771742e-12 1nysB_7na9D-complex.4.pdb
1.5615967e-12 1nysB_7p00Hh-complex.2.pdb
1.3569795e-12 1nysB_7or9HL-complex.3.pdb
1.3540552e-12 1nysB_7ommC-complex.5.pdb
1.2583613e-12 1nysB_7o0sA-complex.2.pdb
1.2392705e-12 1nysB_7n0sF-complex.1.pdb
1.1556561e-12 1nysB_7ntcHL-complex.4.pdb
1.1513043e-12 1nysB_7oanF-complex.1.pdb
1.0189393e-12 1nysB_7phpN-complex.4.pdb
8.793848e-13 1nysB_7n3cHL-complex.2.pdb
7.589147e-13 1nysB_7ndcHL-complex.2.pdb
5.88638e-13 1nysB_7nk8F-complex.2.pdb
4.763073e-13 1nysB_7pc2GH-complex.4.pdb
4.667527e-13 1nysB_7n0rD-complex.3.pdb
4.4743056e-13 1nysB_7oaoF-complex.5.pdb
4.397651e-13 1nysB_7oanF-complex.5.pdb
4.3679502e-13 1nysB_7ndbHL-complex.2.pdb
4.302553e-13 1nysB_7n9tD-complex.1.pdb
3.9837906e-13 1nysB_7n0iK-complex.5.pdb
3.845655e-13 1nysB_7ph7C-complex.3.pdb
3.841777e-13 1nysB_7olyHL-complex.2.pdb
3.72573e-13 1nysB_7nk4F-complex.3.pdb
3.2484126e-13 1nysB_7q0gHL-complex.5.pdb
3.063492e-13 1nysB_7ox2AL-complex.2.pdb
2.895233e-13 1nysB_7n9cE-complex.3.pdb
2.8256523e-13 1nysB_7n0xHL-complex.1.pdb
2.614912e-13 1nysB_7n0gZ-complex.2.pdb
2.3906333e-13 1nysB_7phwEF-complex.2.pdb
2.3194334e-13 1nysB_7or9HL-complex.2.pdb
1.6987343e-13 1nysB_7n62HL-complex.4.pdb
1.6829736e-13 1nysB_7ndfC-complex.1.pdb
1.5584062e-13 1nysB_7n4nD-complex.3.pdb
1.2645274e-13 1nysB_7pbzF-complex.5.pdb
1.08871306e-13 1nysB_7ncsHL-complex.1.pdb
1.04267465e-13 1nysB_7n64HL-complex.2.pdb
1.03331995e-13 1nysB_7nfdDC-complex.2.pdb
9.5240574e-14 1nysB_7ndbHL-complex.1.pdb
7.78861e-14 1nysB_7nkiF-complex.3.pdb
6.735313e-14 1nysB_7ph2C-complex.5.pdb
5.1427067e-14 1nysB_7ommC-complex.4.pdb
5.076359e-14 1nysB_7phgHL-complex.2.pdb
4.9651913e-14 1nysB_7niuED-complex.1.pdb
4.7955502e-14 1nysB_7n0uHL-complex.5.pdb
4.6419557e-14 1nysB_7p2dC-complex.5.pdb
4.3675814e-14 1nysB_7nj5F-complex.2.pdb
4.3184592e-14 1nysB_7nrhHL-complex.1.pdb
4.0693875e-14 1nysB_7o33HL-complex.5.pdb
4.0464312e-14 1nysB_7oapF-complex.5.pdb
3.8235426e-14 1nysB_7q0hHL-complex.3.pdb
3.3157735e-14 1nysB_7oaoF-complex.2.pdb
2.8581135e-14 1nysB_7przHL-complex.4.pdb
2.3325332e-14 1nysB_7np1IM-complex.2.pdb
1.9439853e-14 1nysB_7phqN-complex.3.pdb
1.9417764e-14 1nysB_7n05HL-complex.4.pdb
1.5016224e-14 1nysB_7n4mHL-complex.3.pdb
1.3546119e-14 1nysB_7nd9HL-complex.1.pdb
1.3522319e-14 1nysB_7pnmIE-complex.5.pdb
1.3232323e-14 1nysB_7nx7HL-complex.3.pdb
1.1292265e-14 1nysB_7n5hHL-complex.3.pdb
1.032106e-14 1nysB_7n64HL-complex.4.pdb
9.401306e-15 1nysB_7nw3HL-complex.5.pdb
7.928933e-15 1nysB_7n3iHL-complex.4.pdb
6.9712823e-15 1nysB_7pbzF-complex.3.pdb
6.255266e-15 1nysB_7pivN-complex.1.pdb
5.8812348e-15 1nysB_7n0xHL-complex.2.pdb
5.750587e-15 1nysB_7oapF-complex.2.pdb
5.108926e-15 1nysB_7ph3C-complex.3.pdb
4.876905e-15 1nysB_7ns6H-complex.1.pdb
4.4076143e-15 1nysB_7nd7HL-complex.2.pdb
4.268358e-15 1nysB_7orbEF-complex.4.pdb
3.641128e-15 1nysB_7p6kG-complex.3.pdb
2.6645973e-15 1nysB_7n3cHL-complex.3.pdb
2.3612606e-15 1nysB_7o52HL-complex.5.pdb
2.210074e-15 1nysB_7n3iHL-complex.3.pdb
2.0872181e-15 1nysB_7nozR-complex.1.pdb
2.0596462e-15 1nysB_7nd4HL-complex.1.pdb
1.6492181e-15 1nysB_7pc2GH-complex.5.pdb
1.5252251e-15 1nysB_7negHL-complex.1.pdb
9.516767e-16 1nysB_7n0rD-complex.1.pdb
9.424676e-16 1nysB_7nj3F-complex.1.pdb
7.1214777e-16 1nysB_7n4mHL-complex.4.pdb
5.4404953e-16 1nysB_7oayL-complex.5.pdb
4.242998e-16 1nysB_7nx0D-complex.5.pdb
3.5456577e-16 1nysB_7p7aA-complex.5.pdb
3.4027312e-16 1nysB_7orbEF-complex.3.pdb
2.619815e-16 1nysB_7nllA-complex.5.pdb
2.5918231e-16 1nysB_7n5hHL-complex.2.pdb
2.2904192e-16 1nysB_7olyHL-complex.5.pdb
1.9988748e-16 1nysB_7ph2C-complex.1.pdb
1.9132497e-16 1nysB_7n62HL-complex.2.pdb
1.7524512e-16 1nysB_7pbdF-complex.1.pdb
9.015823e-17 1nysB_7n4iHL-complex.1.pdb
8.1003124e-17 /data/zhanghp/anaconda3/envs/RTMscore_n/lib/python3.8/site-packages/torch_geometric/deprecation.py:13: UserWarning: 'data.DataLoader' is deprecated, use 'loader.DataLoader' instead
  warnings.warn(out)
1nysB_7q0gHL-complex.3.pdb
5.047204e-17 1nysB_7nd3HL-complex.4.pdb
4.9255297e-17 1nysB_7p5wL-complex.3.pdb
4.90208e-17 1nysB_7n9aA-complex.4.pdb
4.073792e-17 1nysB_7n28SU-complex.4.pdb
4.0109554e-17 1nysB_7n4jHL-complex.4.pdb
3.6224628e-17 1nysB_7niuED-complex.5.pdb
3.4814434e-17 1nysB_7oraHL-complex.2.pdb
2.4606178e-17 1nysB_7nfqD-complex.1.pdb
2.3660643e-17 1nysB_7p7aA-complex.2.pdb
2.2265219e-17 1nysB_7n4lHL-complex.3.pdb
2.1315599e-17 1nysB_7o2zHL-complex.4.pdb
1.8036428e-17 1nysB_7nfdDC-complex.3.pdb
1.4297465e-17 1nysB_7p6kG-complex.5.pdb
1.3077019e-17 1nysB_7nezDC-complex.5.pdb
1.28384776e-17 1nysB_7ocyC-complex.3.pdb
1.0600238e-17 1nysB_7n4iHL-complex.2.pdb
7.9758814e-18 1nysB_7nk4F-complex.2.pdb
6.0841864e-18 1nysB_7przHL-complex.5.pdb
5.2906125e-18 1nysB_7pc0F-complex.4.pdb
2.8833661e-18 1nysB_7nx3ED-complex.1.pdb
2.7251405e-18 1nysB_7n08HL-complex.5.pdb
2.4749161e-18 1nysB_7nilF-complex.3.pdb
2.4055062e-18 1nysB_7n4jHL-complex.5.pdb
1.9671327e-18 1nysB_7oh1ED-complex.1.pdb
1.9117157e-18 1nysB_7nfqD-complex.5.pdb
1.5701846e-18 1nysB_7n0vHL-complex.3.pdb
1.3061858e-18 1nysB_7ndbHL-complex.4.pdb
1.2240652e-18 1nysB_7n4lHL-complex.1.pdb
1.2211829e-18 1nysB_7na9D-complex.1.pdb
1.1703973e-18 1nysB_7ph3C-complex.4.pdb
1.1033982e-18 1nysB_7n4iHL-complex.5.pdb
1.0993188e-18 1nysB_7o9sHL-complex.5.pdb
6.503268e-19 1nysB_7nddFG-complex.2.pdb
4.963474e-19 1nysB_7ph3C-complex.2.pdb
2.555036e-19 1nysB_7nbbD-complex.3.pdb
2.488661e-19 1nysB_7nx0D-complex.3.pdb
2.3189884e-19 1nysB_7phwEF-complex.1.pdb
2.0514556e-19 1nysB_7n5hHL-complex.4.pdb
1.9886196e-19 1nysB_7q0hHL-complex.5.pdb
1.7755155e-19 1nysB_7orbEF-complex.5.pdb
1.7053941e-19 1nysB_7nx0D-complex.1.pdb
1.5909366e-19 1nysB_7p00Hh-complex.1.pdb
1.431617e-19 1nysB_7pi2EF-complex.1.pdb
1.296861e-19 1nysB_7pi7EF-complex.4.pdb
4.809349e-20 1nysB_7nirF-complex.2.pdb
3.6529026e-20 1nysB_7ns6H-complex.5.pdb
2.878396e-20 1nysB_7p02Hh-complex.5.pdb
2.2896805e-20 1nysB_7nd5HL-complex.5.pdb
1.4560537e-20 1nysB_7ommC-complex.1.pdb
1.2313607e-20 1nysB_7nx6HL-complex.5.pdb
1.1108343e-20 1nysB_7p5yJ-complex.1.pdb
1.0627024e-20 1nysB_7phpN-complex.1.pdb
7.295737e-21 1nysB_7nbbD-complex.5.pdb
7.1894524e-21 1nysB_7nkiF-complex.4.pdb
4.7620634e-21 1nysB_7pqzHL-complex.5.pdb
4.4857972e-21 1nysB_7nd9HL-complex.5.pdb
4.458315e-21 1nysB_7pijN-complex.2.pdb
4.0380437e-21 1nysB_7n08HL-complex.2.pdb
3.430902e-21 1nysB_7nx7HL-complex.4.pdb
2.8974863e-21 1nysB_7nrhHL-complex.4.pdb
2.780974e-21 1nysB_7oayL-complex.3.pdb
2.010371e-21 1nysB_7oapF-complex.3.pdb
1.8861927e-21 1nysB_7o9sHL-complex.1.pdb
1.2494682e-21 1nysB_7n3cHL-complex.1.pdb
1.2053389e-21 1nysB_7ny5IH-complex.5.pdb
1.1956851e-21 1nysB_7oaqA-complex.4.pdb
9.20622e-22 1nysB_7oanF-complex.2.pdb
7.290364e-22 1nysB_7n0xHL-complex.5.pdb
6.929128e-22 1nysB_7p5wL-complex.5.pdb
6.643626e-22 1nysB_7oapF-complex.1.pdb
2.145635e-22 1nysB_7negHL-complex.5.pdb
1.2028302e-22 1nysB_7n4lHL-complex.2.pdb
1.0256847e-22 1nysB_7pgbRS-complex.3.pdb
8.4625155e-23 1nysB_7p5yJ-complex.2.pdb
7.38897e-23 1nysB_7negHL-complex.3.pdb
7.32529e-23 1nysB_7n5hHL-complex.1.pdb
6.191923e-23 1nysB_7negHL-complex.2.pdb
5.92302e-23 1nysB_7oxnHK-complex.4.pdb
5.76152e-23 1nysB_7na8Nn-complex.2.pdb
5.601602e-23 1nysB_7nikF-complex.1.pdb
3.1507723e-23 1nysB_7nrhHL-complex.2.pdb
2.85984e-23 1nysB_7p5wL-complex.1.pdb
2.0774393e-23 1nysB_7przHL-complex.3.pdb
9.5617775e-24 1nysB_7ocjG-complex.4.pdb
8.549211e-24 1nysB_7p77H-complex.1.pdb
6.332639e-25 1nysB_7pa8YF-complex.1.pdb
4.8541254e-25 1nysB_7orbEF-complex.1.pdb
4.7592393e-25 1nysB_7phpN-complex.3.pdb
2.5188058e-25 1nysB_7n0sF-complex.4.pdb
1.1079284e-25 1nysB_7nozR-complex.3.pdb
1.0956933e-25 1nysB_7nirF-complex.4.pdb
6.029864e-26 1nysB_7n64HL-complex.5.pdb
5.310122e-26 1nysB_7phqN-complex.1.pdb
4.688545e-26 1nysB_7n0sF-complex.2.pdb
2.1605133e-26 1nysB_7pa8YF-complex.5.pdb
1.7021578e-26 1nysB_7n4lHL-complex.5.pdb
1.6301754e-26 1nysB_7nehHL-complex.3.pdb
1.348651e-26 1nysB_7n3dHL-complex.2.pdb
1.056793e-26 1nysB_7o3bA-complex.1.pdb
9.585683e-27 1nysB_7n4iHL-complex.4.pdb
7.7886764e-27 1nysB_7n3cHL-complex.4.pdb
5.6845536e-27 1nysB_7nftC-complex.2.pdb
4.164337e-27 1nysB_7oayL-complex.2.pdb
2.6168739e-27 1nysB_7oraHL-complex.3.pdb
1.4143981e-27 1nysB_7p02Hh-complex.1.pdb
4.124023e-28 1nysB_7n05HL-complex.2.pdb
1.6748654e-28 1nysB_7piuN-complex.3.pdb
1.6075964e-28 1nysB_7njzHL-complex.2.pdb
1.2488586e-28 1nysB_7ncsHL-complex.3.pdb
9.770521e-29 1nysB_7n4lHL-complex.4.pdb
6.087472e-29 1nysB_7p2dC-complex.2.pdb
3.6116645e-29 1nysB_7q0aYZ-complex.1.pdb
1.06576675e-29 1nysB_7n62HL-complex.3.pdb
8.268724e-30 1nysB_7n28SU-complex.5.pdb
7.543765e-30 1nysB_7phgHL-complex.5.pdb
4.7815555e-30 1nysB_7nvoN-complex.1.pdb
1.4276007e-30 1nysB_7n9tD-complex.2.pdb
1.1485806e-30 1nysB_7nd3HL-complex.3.pdb
8.9576525e-31 1nysB_7ph3C-complex.5.pdb
8.439947e-31 1nysB_7ndfC-complex.2.pdb
3.0052947e-31 1nysB_7pivN-complex.5.pdb
1.904083e-31 1nysB_7ommC-complex.2.pdb
1.209109e-31 1nysB_7ps5HL-complex.2.pdb
2.3356636e-32 1nysB_7nowA-complex.2.pdb
7.633638e-33 1nysB_7nqaC-complex.3.pdb
3.236036e-33 1nysB_7phgHL-complex.3.pdb
1.8764212e-33 1nysB_7nehHL-complex.5.pdb
4.5631745e-34 1nysB_7n0rD-complex.4.pdb
6.3166354e-35 1nysB_7pa8YF-complex.3.pdb
4.0267856e-35 1nysB_7paaAa-complex.3.pdb
1.3059702e-35 1nysB_7nd0HL-complex.3.pdb
4.766535e-36 1nysB_7n3dHL-complex.3.pdb
3.6343037e-36 1nysB_7nehHL-complex.4.pdb
9.367121e-37 1nysB_7n65CD-complex.3.pdb
5.612918e-38 1nysB_7ncsHL-complex.2.pdb
4.0261194e-38 1nysB_7pryCD-complex.2.pdb
1.4803017e-38 1nysB_7phgHL-complex.4.pdb
0.0 1nysB_7ps6HL-complex.2.pdb
0.0 1nysB_7pnmIE-complex.3.pdb
0.0 1nysB_7ny5IH-complex.3.pdb
0.0 1nysB_7n9bF-complex.4.pdb
0.0 1nysB_7ocyC-complex.2.pdb
0.0 1nysB_7ndfC-complex.4.pdb
0.0 1nysB_7ny5IH-complex.1.pdb
0.0 1nysB_7ocyC-complex.5.pdb
0.0 1nysB_7nj7F-complex.1.pdb
0.0 1nysB_7n0gZ-complex.5.pdb
0.0 1nysB_7n4nD-complex.2.pdb
0.0 1nysB_7n9eD-complex.5.pdb
0.0 1nysB_7ph7C-complex.5.pdb
0.0 1nysB_7nw3HL-complex.3.pdb
0.0 1nysB_7nd5HL-complex.1.pdb
0.0 1nysB_7na7Nn-complex.2.pdb
0.0 1nysB_7olyHL-complex.4.pdb
0.0 1nysB_7nj3F-complex.4.pdb
0.0 1nysB_7ph2C-complex.4.pdb
0.0 1nysB_7nk4F-complex.1.pdb
0.0 1nysB_7nd3HL-complex.1.pdb
0.0 1nysB_7nllA-complex.2.pdb
0.0 1nysB_7n05HL-complex.1.pdb
0.0 1nysB_7ndcHL-complex.1.pdb
0.0 1nysB_7ph4C-complex.5.pdb
0.0 1nysB_7phgHL-complex.1.pdb
0.0 1nysB_7oxnHK-complex.3.pdb
0.0 1nysB_7ox2AL-complex.5.pdb
